<?xml version="1.0" encoding="UTF-8"?>
<!-- Generated by org.testng.reporters.JUnitReportReporter -->
<testsuite skipped="0" hostname="PQTE185" name="exercises.HelloWorldTest" tests="1" failures="0" timestamp="27 dec 2017 10:34:48 GMT" time="0.010" errors="0">
  <testcase name="printText" time="0.010" classname="exercises.HelloWorldTest"/>
</testsuite> <!-- exercises.HelloWorldTest -->
